----------------------------------------
ActivityId: 00000000-0000-0000-0000-000000000000

Timestamp: 27-May-18 8:32:31 PM

Message: HandlingInstanceID: 71dcf780-a788-4b14-aca9-c124ecc39fd0
An exception of type 'System.Threading.ThreadAbortException' occurred and was caught.
-------------------------------------------------------------------------------------
05/27/2018 23:32:31
Type : System.Threading.ThreadAbortException, mscorlib, Version=4.0.0.0, Culture=neutral, PublicKeyToken=b77a5c561934e089
Message : Thread was being aborted.
Source : Unity_ILEmit_DynamicClasses
Help link : 
ExceptionState : 
Data : System.Collections.ListDictionaryInternal
TargetSite : Telerik.Microsoft.Practices.Unity.InterceptionExtension.IMethodReturn <Initialize_DelegateImplementation>__20(Telerik.Microsoft.Practices.Unity.InterceptionExtension.IMethodInvocation, Telerik.Microsoft.Practices.Unity.InterceptionExtension.GetNextInterceptionBehaviorDelegate)
HResult : -2146233040
Stack Trace :    at DynamicModule.ns.Wrapped_OpenAccessSchedulingProvider_6e689ebd1b0d4142b360f3624dd5b41d.<Initialize_DelegateImplementation>__20(IMethodInvocation inputs, GetNextInterceptionBehaviorDelegate getNext)
   at Telerik.Microsoft.Practices.Unity.InterceptionExtension.PolicyInjectionBehavior.<>c__DisplayClass3_0.<Invoke>b__0(IMethodInvocation policyInjectionInput, GetNextHandlerDelegate policyInjectionInputGetNext)
   at Telerik.Microsoft.Practices.Unity.InterceptionExtension.HandlerPipeline.Invoke(IMethodInvocation input, InvokeHandlerDelegate target)
   at Telerik.Microsoft.Practices.Unity.InterceptionExtension.PolicyInjectionBehavior.Invoke(IMethodInvocation input, GetNextInterceptionBehaviorDelegate getNext)
   at Telerik.Microsoft.Practices.Unity.InterceptionExtension.InterceptionBehaviorPipeline.Invoke(IMethodInvocation input, InvokeInterceptionBehaviorDelegate target)
   at DynamicModule.ns.Wrapped_OpenAccessSchedulingProvider_6e689ebd1b0d4142b360f3624dd5b41d.Initialize(String providerName, NameValueCollection config, Type managerType)
   at Telerik.Sitefinity.Data.ManagerBase`1.InstantiateProvider(IDataProviderSettings providerSettings, Type providerType, ExceptionPolicyName policy, Type managerType)

Additional Info:

MachineName : DESKTOP-V4T0OVG
TimeStamp : 27-May-18 8:32:31 PM
FullName : Telerik.Sitefinity.Utilities, Version=11.0.6650.0, Culture=neutral, PublicKeyToken=b28c218413bdf563
AppDomainName : /LM/W3SVC/1/ROOT-1-131719267315469873
ThreadIdentity : Anonymous
WindowsIdentity : DESKTOP-V4T0OVG\rozal
Requested URL : http://127.0.0.1/


Category: ErrorLog

Priority: 0

EventId: 9010

Severity: Warning

Title:Enterprise Library Exception Handling

Machine: DESKTOP-V4T0OVG

App Domain: /LM/W3SVC/1/ROOT-1-131719267315469873

ProcessId: 32352

Process Name: C:\Program Files (x86)\IIS Express\IISExpress.exe

Thread Name: 

Win32 ThreadId:29296

Extended Properties: 
----------------------------------------
----------------------------------------
ActivityId: 00000000-0000-0000-0000-000000000000

Timestamp: 27-May-18 8:32:31 PM

Message: HandlingInstanceID: eab764f6-6904-4297-8f2a-3c44eaa63375
An exception of type 'System.Threading.ThreadAbortException' occurred and was caught.
-------------------------------------------------------------------------------------
05/27/2018 23:32:31
Type : System.Threading.ThreadAbortException, mscorlib, Version=4.0.0.0, Culture=neutral, PublicKeyToken=b77a5c561934e089
Message : Thread was being aborted.
Source : Telerik.Sitefinity
Help link : 
ExceptionState : 
Data : System.Collections.ListDictionaryInternal
TargetSite : TProviderBase InstantiateProvider(Telerik.Sitefinity.Configuration.IDataProviderSettings, System.Type, Telerik.Sitefinity.Abstractions.ExceptionPolicyName, System.Type)
HResult : -2146233040
Stack Trace :    at Telerik.Sitefinity.Data.ManagerBase`1.InstantiateProvider(IDataProviderSettings providerSettings, Type providerType, ExceptionPolicyName policy, Type managerType)
   at Telerik.Sitefinity.Data.ManagerBase`1.InstantiateProvider(IDataProviderSettings providerSettings, ExceptionPolicyName policy, Type managerType)
   at Telerik.Sitefinity.Data.ManagerBase`1.InstantiateProviders(IEnumerable`1 configProviders, ManagerBase`1 manager)
   at Telerik.Sitefinity.Data.ManagerBase`1.Initialize()

Additional Info:

MachineName : DESKTOP-V4T0OVG
TimeStamp : 27-May-18 8:32:31 PM
FullName : Telerik.Sitefinity.Utilities, Version=11.0.6650.0, Culture=neutral, PublicKeyToken=b28c218413bdf563
AppDomainName : /LM/W3SVC/1/ROOT-1-131719267315469873
ThreadIdentity : Anonymous
WindowsIdentity : DESKTOP-V4T0OVG\rozal
Requested URL : http://127.0.0.1/


Category: ErrorLog

Priority: 0

EventId: 90030

Severity: Error

Title:Enterprise Library Exception Handling

Machine: DESKTOP-V4T0OVG

App Domain: /LM/W3SVC/1/ROOT-1-131719267315469873

ProcessId: 32352

Process Name: C:\Program Files (x86)\IIS Express\IISExpress.exe

Thread Name: 

Win32 ThreadId:29296

Extended Properties: 
----------------------------------------
----------------------------------------
ActivityId: 00000000-0000-0000-0000-000000000000

Timestamp: 27-May-18 8:32:31 PM

Message: HandlingInstanceID: 0131e197-5b83-4ff4-8d89-cc7da62c95aa
An exception of type 'System.Threading.ThreadAbortException' occurred and was caught.
-------------------------------------------------------------------------------------
05/27/2018 23:32:31
Type : System.Threading.ThreadAbortException, mscorlib, Version=4.0.0.0, Culture=neutral, PublicKeyToken=b77a5c561934e089
Message : Thread was being aborted.
Source : mscorlib
Help link : 
ExceptionState : 
Data : System.Collections.ListDictionaryInternal
TargetSite : System.Object InvokeMethod(System.Object, System.Object[], System.Signature, Boolean)
HResult : -2146233040
Stack Trace :    at System.RuntimeMethodHandle.InvokeMethod(Object target, Object[] arguments, Signature sig, Boolean constructor)
   at System.Reflection.RuntimeMethodInfo.UnsafeInvokeInternal(Object obj, Object[] parameters, Object[] arguments)
   at System.Reflection.RuntimeMethodInfo.Invoke(Object obj, BindingFlags invokeAttr, Binder binder, Object[] parameters, CultureInfo culture)
   at Telerik.Sitefinity.Data.ManagerBase.GetManagerInTransaction(Type managerType, String providerName, String transactionName)
   at Telerik.Sitefinity.Abstractions.SiteInitializer.GetManagerInTransaction[TManager](String providerName)
   at Telerik.Sitefinity.Scheduling.SchedulingModule.Upgrade(SiteInitializer initializer, Version upgradeFrom)
   at Telerik.Sitefinity.Services.ModuleBase.Install(SiteInitializer initializer, Version upgradeFrom)
   at Telerik.Sitefinity.Services.SystemManager.InitializeModule(ModuleSettings settings, InstallContext installContext, ModuleVersionInfo moduleVersion, Nullable`1 start, Boolean skipModuleRegistration)

Additional Info:

MachineName : DESKTOP-V4T0OVG
TimeStamp : 27-May-18 8:32:31 PM
FullName : Telerik.Sitefinity.Utilities, Version=11.0.6650.0, Culture=neutral, PublicKeyToken=b28c218413bdf563
AppDomainName : /LM/W3SVC/1/ROOT-1-131719267315469873
ThreadIdentity : Anonymous
WindowsIdentity : DESKTOP-V4T0OVG\rozal
Requested URL : http://127.0.0.1/


Category: ErrorLog

Priority: 0

EventId: 9010

Severity: Warning

Title:Enterprise Library Exception Handling

Machine: DESKTOP-V4T0OVG

App Domain: /LM/W3SVC/1/ROOT-1-131719267315469873

ProcessId: 32352

Process Name: C:\Program Files (x86)\IIS Express\IISExpress.exe

Thread Name: 

Win32 ThreadId:29296

Extended Properties: 
----------------------------------------
----------------------------------------
ActivityId: 00000000-0000-0000-0000-000000000000

Timestamp: 5/27/2018 9:31:33 PM

Message: HandlingInstanceID: 7392eeb6-3a90-40b6-984f-b2d54a90eced
An exception of type 'System.NullReferenceException' occurred and was caught.
-----------------------------------------------------------------------------
05/28/2018 00:31:33
Type : System.NullReferenceException, mscorlib, Version=4.0.0.0, Culture=neutral, PublicKeyToken=b77a5c561934e089
Message : Object reference not set to an instance of an object.
Source : Telerik.Sitefinity
Help link : 
Data : System.Collections.ListDictionaryInternal
TargetSite : Void VerifySectionRegistered(System.Type, System.String)
HResult : -2147467261
Stack Trace :    at Telerik.Sitefinity.Configuration.Config.VerifySectionRegistered(Type sectionType, String sectionName)
   at Telerik.Sitefinity.Configuration.Config.GetSectionInternal(Type sectionType, Boolean safeMode, String sectionName)
   at Telerik.Sitefinity.Configuration.Config.GetSectionPrivate(Type sectionType, Boolean safeMode, String sectionName)
   at Telerik.Sitefinity.Configuration.Config.GetSectionPrivate[TSection](Boolean safeMode)
   at Telerik.Sitefinity.Localization.ResourceManager.get_ProvidersSettings()
   at Telerik.Sitefinity.Data.ManagerBase`1.GetProvidersSettings()
   at Telerik.Sitefinity.Data.ManagerBase`1.Initialize()

Additional Info:

MachineName : DESKTOP-V4T0OVG
TimeStamp : 5/27/2018 9:31:33 PM
FullName : Telerik.Sitefinity.Utilities, Version=11.0.6650.0, Culture=neutral, PublicKeyToken=b28c218413bdf563
AppDomainName : 34f13367-1-131719302692004303
ThreadIdentity : DESKTOP-V4T0OVG\rozal
WindowsIdentity : DESKTOP-V4T0OVG\rozal


Category: ErrorLog

Priority: 0

EventId: 90030

Severity: Error

Title:Enterprise Library Exception Handling

Machine: DESKTOP-V4T0OVG

App Domain: 34f13367-1-131719302692004303

ProcessId: 43188

Process Name: C:\Program Files (x86)\Microsoft Visual Studio\2017\Community\Common7\IDE\Microsoft.VisualStudio.Web.Host.exe

Thread Name: 

Win32 ThreadId:37856

Extended Properties: 
----------------------------------------
----------------------------------------
ActivityId: 00000000-0000-0000-0000-000000000000

Timestamp: 5/27/2018 9:31:33 PM

Message: HandlingInstanceID: 7e999e67-17fe-46bf-91e0-a1d5f83e4599
An exception of type 'System.NullReferenceException' occurred and was caught.
-----------------------------------------------------------------------------
05/28/2018 00:31:33
Type : System.NullReferenceException, mscorlib, Version=4.0.0.0, Culture=neutral, PublicKeyToken=b77a5c561934e089
Message : Object reference not set to an instance of an object.
Source : Unity_ILEmit_DynamicClasses
Help link : 
Data : System.Collections.ListDictionaryInternal
TargetSite : Void Initialize(System.String, System.Collections.Specialized.NameValueCollection, System.Type)
HResult : -2147467261
Stack Trace :    at DynamicModule.ns.Wrapped_OpenAccessMetaDataProvider_8afbf7af4f5941678f1c2b09f71a66ad.Initialize(String providerName, NameValueCollection config, Type managerType)
   at Telerik.Sitefinity.Data.ManagerBase`1.InstantiateProvider(IDataProviderSettings providerSettings, Type providerType, ExceptionPolicyName policy, Type managerType)

Additional Info:

MachineName : DESKTOP-V4T0OVG
TimeStamp : 5/27/2018 9:31:33 PM
FullName : Telerik.Sitefinity.Utilities, Version=11.0.6650.0, Culture=neutral, PublicKeyToken=b28c218413bdf563
AppDomainName : 34f13367-1-131719302692004303
ThreadIdentity : DESKTOP-V4T0OVG\rozal
WindowsIdentity : DESKTOP-V4T0OVG\rozal


Category: ErrorLog

Priority: 0

EventId: 9010

Severity: Warning

Title:Enterprise Library Exception Handling

Machine: DESKTOP-V4T0OVG

App Domain: 34f13367-1-131719302692004303

ProcessId: 43188

Process Name: C:\Program Files (x86)\Microsoft Visual Studio\2017\Community\Common7\IDE\Microsoft.VisualStudio.Web.Host.exe

Thread Name: 

Win32 ThreadId:37856

Extended Properties: 
----------------------------------------
----------------------------------------
ActivityId: 00000000-0000-0000-0000-000000000000

Timestamp: 5/27/2018 9:31:33 PM

Message: HandlingInstanceID: cfdb3dc8-8a75-4aef-aea4-8898465bc8b1
An exception of type 'System.NullReferenceException' occurred and was caught.
-----------------------------------------------------------------------------
05/28/2018 00:31:33
Type : System.NullReferenceException, mscorlib, Version=4.0.0.0, Culture=neutral, PublicKeyToken=b77a5c561934e089
Message : Object reference not set to an instance of an object.
Source : Unity_ILEmit_DynamicClasses
Help link : 
Data : System.Collections.ListDictionaryInternal
TargetSite : Void Initialize(System.String, System.Collections.Specialized.NameValueCollection, System.Type)
HResult : -2147467261
Stack Trace :    at DynamicModule.ns.Wrapped_OpenAccessMetaDataProvider_8afbf7af4f5941678f1c2b09f71a66ad.Initialize(String providerName, NameValueCollection config, Type managerType)
   at Telerik.Sitefinity.Data.ManagerBase`1.InstantiateProvider(IDataProviderSettings providerSettings, Type providerType, ExceptionPolicyName policy, Type managerType)

Additional Info:

MachineName : DESKTOP-V4T0OVG
TimeStamp : 5/27/2018 9:31:33 PM
FullName : Telerik.Sitefinity.Utilities, Version=11.0.6650.0, Culture=neutral, PublicKeyToken=b28c218413bdf563
AppDomainName : 34f13367-1-131719302692004303
ThreadIdentity : DESKTOP-V4T0OVG\rozal
WindowsIdentity : DESKTOP-V4T0OVG\rozal


Category: ErrorLog

Priority: 0

EventId: 90030

Severity: Error

Title:Enterprise Library Exception Handling

Machine: DESKTOP-V4T0OVG

App Domain: 34f13367-1-131719302692004303

ProcessId: 43188

Process Name: C:\Program Files (x86)\Microsoft Visual Studio\2017\Community\Common7\IDE\Microsoft.VisualStudio.Web.Host.exe

Thread Name: 

Win32 ThreadId:37856

Extended Properties: 
----------------------------------------
----------------------------------------
ActivityId: 00000000-0000-0000-0000-000000000000

Timestamp: 5/27/2018 9:31:33 PM

Message: HandlingInstanceID: 78ba8d1a-af40-474a-aa28-f8d3bf16062f
An exception of type 'System.NullReferenceException' occurred and was caught.
-----------------------------------------------------------------------------
05/28/2018 00:31:33
Type : System.NullReferenceException, mscorlib, Version=4.0.0.0, Culture=neutral, PublicKeyToken=b77a5c561934e089
Message : Object reference not set to an instance of an object.
Source : Unity_ILEmit_DynamicClasses
Help link : 
Data : System.Collections.ListDictionaryInternal
TargetSite : Void Initialize(System.String, System.Collections.Specialized.NameValueCollection, System.Type)
HResult : -2147467261
Stack Trace :    at DynamicModule.ns.Wrapped_OpenAccessMetaDataProvider_8afbf7af4f5941678f1c2b09f71a66ad.Initialize(String providerName, NameValueCollection config, Type managerType)
   at Telerik.Sitefinity.Data.ManagerBase`1.InstantiateProvider(IDataProviderSettings providerSettings, Type providerType, ExceptionPolicyName policy, Type managerType)

Additional Info:

MachineName : DESKTOP-V4T0OVG
TimeStamp : 5/27/2018 9:31:33 PM
FullName : Telerik.Sitefinity.Utilities, Version=11.0.6650.0, Culture=neutral, PublicKeyToken=b28c218413bdf563
AppDomainName : 34f13367-1-131719302692004303
ThreadIdentity : DESKTOP-V4T0OVG\rozal
WindowsIdentity : DESKTOP-V4T0OVG\rozal


Category: ErrorLog

Priority: 0

EventId: 90030

Severity: Error

Title:Enterprise Library Exception Handling

Machine: DESKTOP-V4T0OVG

App Domain: 34f13367-1-131719302692004303

ProcessId: 43188

Process Name: C:\Program Files (x86)\Microsoft Visual Studio\2017\Community\Common7\IDE\Microsoft.VisualStudio.Web.Host.exe

Thread Name: 

Win32 ThreadId:37856

Extended Properties: 
----------------------------------------
