----------------------------------------
ActivityId: 00000000-0000-0000-0000-000000000000

Timestamp: 5/29/2018 3:58:41 PM

Message: HandlingInstanceID: a6944836-8372-497f-ac47-572a66a973c9
An exception of type 'System.NullReferenceException' occurred and was caught.
-----------------------------------------------------------------------------
05/29/2018 18:58:41
Type : System.NullReferenceException, mscorlib, Version=4.0.0.0, Culture=neutral, PublicKeyToken=b77a5c561934e089
Message : Object reference not set to an instance of an object.
Source : Telerik.Sitefinity
Help link : 
Data : System.Collections.ListDictionaryInternal
TargetSite : Void VerifySectionRegistered(System.Type, System.String)
HResult : -2147467261
Stack Trace :    at Telerik.Sitefinity.Configuration.Config.VerifySectionRegistered(Type sectionType, String sectionName)
   at Telerik.Sitefinity.Configuration.Config.GetSectionInternal(Type sectionType, Boolean safeMode, String sectionName)
   at Telerik.Sitefinity.Configuration.Config.GetSectionPrivate(Type sectionType, Boolean safeMode, String sectionName)
   at Telerik.Sitefinity.Configuration.Config.GetSectionPrivate[TSection](Boolean safeMode)
   at Telerik.Sitefinity.Localization.ResourceManager.get_ProvidersSettings()
   at Telerik.Sitefinity.Data.ManagerBase`1.GetProvidersSettings()
   at Telerik.Sitefinity.Data.ManagerBase`1.Initialize()

Additional Info:

MachineName : DESKTOP-V4T0OVG
TimeStamp : 5/29/2018 3:58:41 PM
FullName : Telerik.Sitefinity.Utilities, Version=11.0.6700.0, Culture=neutral, PublicKeyToken=b28c218413bdf563
AppDomainName : 34f13367-1-131720831046347222
ThreadIdentity : DESKTOP-V4T0OVG\rozal
WindowsIdentity : DESKTOP-V4T0OVG\rozal


Category: ErrorLog

Priority: 0

EventId: 90030

Severity: Error

Title:Enterprise Library Exception Handling

Machine: DESKTOP-V4T0OVG

App Domain: 34f13367-1-131720831046347222

ProcessId: 37368

Process Name: C:\Program Files (x86)\Microsoft Visual Studio\2017\Community\Common7\IDE\Microsoft.VisualStudio.Web.Host.exe

Thread Name: 

Win32 ThreadId:53520

Extended Properties: 
----------------------------------------
----------------------------------------
ActivityId: 00000000-0000-0000-0000-000000000000

Timestamp: 5/29/2018 3:58:42 PM

Message: HandlingInstanceID: 0528b6aa-7d3b-4bbf-af3b-ce6744448023
An exception of type 'System.NullReferenceException' occurred and was caught.
-----------------------------------------------------------------------------
05/29/2018 18:58:42
Type : System.NullReferenceException, mscorlib, Version=4.0.0.0, Culture=neutral, PublicKeyToken=b77a5c561934e089
Message : Object reference not set to an instance of an object.
Source : Unity_ILEmit_DynamicClasses
Help link : 
Data : System.Collections.ListDictionaryInternal
TargetSite : Void Initialize(System.String, System.Collections.Specialized.NameValueCollection, System.Type)
HResult : -2147467261
Stack Trace :    at DynamicModule.ns.Wrapped_OpenAccessMetaDataProvider_1820f60fe37e466e85bad43ba75527d4.Initialize(String providerName, NameValueCollection config, Type managerType)
   at Telerik.Sitefinity.Data.ManagerBase`1.InstantiateProvider(IDataProviderSettings providerSettings, Type providerType, ExceptionPolicyName policy, Type managerType)

Additional Info:

MachineName : DESKTOP-V4T0OVG
TimeStamp : 5/29/2018 3:58:42 PM
FullName : Telerik.Sitefinity.Utilities, Version=11.0.6700.0, Culture=neutral, PublicKeyToken=b28c218413bdf563
AppDomainName : 34f13367-1-131720831046347222
ThreadIdentity : DESKTOP-V4T0OVG\rozal
WindowsIdentity : DESKTOP-V4T0OVG\rozal


Category: ErrorLog

Priority: 0

EventId: 9010

Severity: Warning

Title:Enterprise Library Exception Handling

Machine: DESKTOP-V4T0OVG

App Domain: 34f13367-1-131720831046347222

ProcessId: 37368

Process Name: C:\Program Files (x86)\Microsoft Visual Studio\2017\Community\Common7\IDE\Microsoft.VisualStudio.Web.Host.exe

Thread Name: 

Win32 ThreadId:53520

Extended Properties: 
----------------------------------------
----------------------------------------
ActivityId: 00000000-0000-0000-0000-000000000000

Timestamp: 5/29/2018 3:58:42 PM

Message: HandlingInstanceID: 89d20239-0889-4961-80f1-6a6f82735bab
An exception of type 'System.NullReferenceException' occurred and was caught.
-----------------------------------------------------------------------------
05/29/2018 18:58:42
Type : System.NullReferenceException, mscorlib, Version=4.0.0.0, Culture=neutral, PublicKeyToken=b77a5c561934e089
Message : Object reference not set to an instance of an object.
Source : Unity_ILEmit_DynamicClasses
Help link : 
Data : System.Collections.ListDictionaryInternal
TargetSite : Void Initialize(System.String, System.Collections.Specialized.NameValueCollection, System.Type)
HResult : -2147467261
Stack Trace :    at DynamicModule.ns.Wrapped_OpenAccessMetaDataProvider_1820f60fe37e466e85bad43ba75527d4.Initialize(String providerName, NameValueCollection config, Type managerType)
   at Telerik.Sitefinity.Data.ManagerBase`1.InstantiateProvider(IDataProviderSettings providerSettings, Type providerType, ExceptionPolicyName policy, Type managerType)

Additional Info:

MachineName : DESKTOP-V4T0OVG
TimeStamp : 5/29/2018 3:58:42 PM
FullName : Telerik.Sitefinity.Utilities, Version=11.0.6700.0, Culture=neutral, PublicKeyToken=b28c218413bdf563
AppDomainName : 34f13367-1-131720831046347222
ThreadIdentity : DESKTOP-V4T0OVG\rozal
WindowsIdentity : DESKTOP-V4T0OVG\rozal


Category: ErrorLog

Priority: 0

EventId: 90030

Severity: Error

Title:Enterprise Library Exception Handling

Machine: DESKTOP-V4T0OVG

App Domain: 34f13367-1-131720831046347222

ProcessId: 37368

Process Name: C:\Program Files (x86)\Microsoft Visual Studio\2017\Community\Common7\IDE\Microsoft.VisualStudio.Web.Host.exe

Thread Name: 

Win32 ThreadId:53520

Extended Properties: 
----------------------------------------
----------------------------------------
ActivityId: 00000000-0000-0000-0000-000000000000

Timestamp: 5/29/2018 3:58:42 PM

Message: HandlingInstanceID: 439dc756-324c-4e92-b0a2-df55d16e0b35
An exception of type 'System.NullReferenceException' occurred and was caught.
-----------------------------------------------------------------------------
05/29/2018 18:58:42
Type : System.NullReferenceException, mscorlib, Version=4.0.0.0, Culture=neutral, PublicKeyToken=b77a5c561934e089
Message : Object reference not set to an instance of an object.
Source : Unity_ILEmit_DynamicClasses
Help link : 
Data : System.Collections.ListDictionaryInternal
TargetSite : Void Initialize(System.String, System.Collections.Specialized.NameValueCollection, System.Type)
HResult : -2147467261
Stack Trace :    at DynamicModule.ns.Wrapped_OpenAccessMetaDataProvider_1820f60fe37e466e85bad43ba75527d4.Initialize(String providerName, NameValueCollection config, Type managerType)
   at Telerik.Sitefinity.Data.ManagerBase`1.InstantiateProvider(IDataProviderSettings providerSettings, Type providerType, ExceptionPolicyName policy, Type managerType)

Additional Info:

MachineName : DESKTOP-V4T0OVG
TimeStamp : 5/29/2018 3:58:42 PM
FullName : Telerik.Sitefinity.Utilities, Version=11.0.6700.0, Culture=neutral, PublicKeyToken=b28c218413bdf563
AppDomainName : 34f13367-1-131720831046347222
ThreadIdentity : DESKTOP-V4T0OVG\rozal
WindowsIdentity : DESKTOP-V4T0OVG\rozal


Category: ErrorLog

Priority: 0

EventId: 90030

Severity: Error

Title:Enterprise Library Exception Handling

Machine: DESKTOP-V4T0OVG

App Domain: 34f13367-1-131720831046347222

ProcessId: 37368

Process Name: C:\Program Files (x86)\Microsoft Visual Studio\2017\Community\Common7\IDE\Microsoft.VisualStudio.Web.Host.exe

Thread Name: 

Win32 ThreadId:53520

Extended Properties: 
----------------------------------------
----------------------------------------
ActivityId: 00000000-0000-0000-0000-000000000000

Timestamp: 5/29/2018 8:10:48 PM

Message: HandlingInstanceID: 54ac6b60-602b-4b3f-8463-414fde39393c
An exception of type 'System.NullReferenceException' occurred and was caught.
-----------------------------------------------------------------------------
05/29/2018 23:10:48
Type : System.NullReferenceException, mscorlib, Version=4.0.0.0, Culture=neutral, PublicKeyToken=b77a5c561934e089
Message : Object reference not set to an instance of an object.
Source : Telerik.Sitefinity
Help link : 
Data : System.Collections.ListDictionaryInternal
TargetSite : Void VerifySectionRegistered(System.Type, System.String)
HResult : -2147467261
Stack Trace :    at Telerik.Sitefinity.Configuration.Config.VerifySectionRegistered(Type sectionType, String sectionName)
   at Telerik.Sitefinity.Configuration.Config.GetSectionInternal(Type sectionType, Boolean safeMode, String sectionName)
   at Telerik.Sitefinity.Configuration.Config.GetSectionPrivate(Type sectionType, Boolean safeMode, String sectionName)
   at Telerik.Sitefinity.Configuration.Config.GetSectionPrivate[TSection](Boolean safeMode)
   at Telerik.Sitefinity.Localization.ResourceManager.get_ProvidersSettings()
   at Telerik.Sitefinity.Data.ManagerBase`1.GetProvidersSettings()
   at Telerik.Sitefinity.Data.ManagerBase`1.Initialize()

Additional Info:

MachineName : DESKTOP-V4T0OVG
TimeStamp : 5/29/2018 8:10:48 PM
FullName : Telerik.Sitefinity.Utilities, Version=11.0.6700.0, Culture=neutral, PublicKeyToken=b28c218413bdf563
AppDomainName : 34f13367-4-131720982384968771
ThreadIdentity : DESKTOP-V4T0OVG\rozal
WindowsIdentity : DESKTOP-V4T0OVG\rozal


Category: ErrorLog

Priority: 0

EventId: 90030

Severity: Error

Title:Enterprise Library Exception Handling

Machine: DESKTOP-V4T0OVG

App Domain: 34f13367-4-131720982384968771

ProcessId: 37368

Process Name: C:\Program Files (x86)\Microsoft Visual Studio\2017\Community\Common7\IDE\Microsoft.VisualStudio.Web.Host.exe

Thread Name: 

Win32 ThreadId:17084

Extended Properties: 
----------------------------------------
----------------------------------------
ActivityId: 00000000-0000-0000-0000-000000000000

Timestamp: 5/29/2018 8:10:49 PM

Message: HandlingInstanceID: 9844a64e-2455-40cb-8175-85f4cde65bc8
An exception of type 'System.NullReferenceException' occurred and was caught.
-----------------------------------------------------------------------------
05/29/2018 23:10:49
Type : System.NullReferenceException, mscorlib, Version=4.0.0.0, Culture=neutral, PublicKeyToken=b77a5c561934e089
Message : Object reference not set to an instance of an object.
Source : Unity_ILEmit_DynamicClasses
Help link : 
Data : System.Collections.ListDictionaryInternal
TargetSite : Void Initialize(System.String, System.Collections.Specialized.NameValueCollection, System.Type)
HResult : -2147467261
Stack Trace :    at DynamicModule.ns.Wrapped_OpenAccessMetaDataProvider_c6af9834b2f04fec8d312dfa2bf627f1.Initialize(String providerName, NameValueCollection config, Type managerType)
   at Telerik.Sitefinity.Data.ManagerBase`1.InstantiateProvider(IDataProviderSettings providerSettings, Type providerType, ExceptionPolicyName policy, Type managerType)

Additional Info:

MachineName : DESKTOP-V4T0OVG
TimeStamp : 5/29/2018 8:10:49 PM
FullName : Telerik.Sitefinity.Utilities, Version=11.0.6700.0, Culture=neutral, PublicKeyToken=b28c218413bdf563
AppDomainName : 34f13367-4-131720982384968771
ThreadIdentity : DESKTOP-V4T0OVG\rozal
WindowsIdentity : DESKTOP-V4T0OVG\rozal


Category: ErrorLog

Priority: 0

EventId: 9010

Severity: Warning

Title:Enterprise Library Exception Handling

Machine: DESKTOP-V4T0OVG

App Domain: 34f13367-4-131720982384968771

ProcessId: 37368

Process Name: C:\Program Files (x86)\Microsoft Visual Studio\2017\Community\Common7\IDE\Microsoft.VisualStudio.Web.Host.exe

Thread Name: 

Win32 ThreadId:17084

Extended Properties: 
----------------------------------------
----------------------------------------
ActivityId: 00000000-0000-0000-0000-000000000000

Timestamp: 5/29/2018 8:10:49 PM

Message: HandlingInstanceID: 6b746bfd-8b7d-4b76-8165-b3e329015e1b
An exception of type 'System.NullReferenceException' occurred and was caught.
-----------------------------------------------------------------------------
05/29/2018 23:10:49
Type : System.NullReferenceException, mscorlib, Version=4.0.0.0, Culture=neutral, PublicKeyToken=b77a5c561934e089
Message : Object reference not set to an instance of an object.
Source : Unity_ILEmit_DynamicClasses
Help link : 
Data : System.Collections.ListDictionaryInternal
TargetSite : Void Initialize(System.String, System.Collections.Specialized.NameValueCollection, System.Type)
HResult : -2147467261
Stack Trace :    at DynamicModule.ns.Wrapped_OpenAccessMetaDataProvider_c6af9834b2f04fec8d312dfa2bf627f1.Initialize(String providerName, NameValueCollection config, Type managerType)
   at Telerik.Sitefinity.Data.ManagerBase`1.InstantiateProvider(IDataProviderSettings providerSettings, Type providerType, ExceptionPolicyName policy, Type managerType)

Additional Info:

MachineName : DESKTOP-V4T0OVG
TimeStamp : 5/29/2018 8:10:49 PM
FullName : Telerik.Sitefinity.Utilities, Version=11.0.6700.0, Culture=neutral, PublicKeyToken=b28c218413bdf563
AppDomainName : 34f13367-4-131720982384968771
ThreadIdentity : DESKTOP-V4T0OVG\rozal
WindowsIdentity : DESKTOP-V4T0OVG\rozal


Category: ErrorLog

Priority: 0

EventId: 90030

Severity: Error

Title:Enterprise Library Exception Handling

Machine: DESKTOP-V4T0OVG

App Domain: 34f13367-4-131720982384968771

ProcessId: 37368

Process Name: C:\Program Files (x86)\Microsoft Visual Studio\2017\Community\Common7\IDE\Microsoft.VisualStudio.Web.Host.exe

Thread Name: 

Win32 ThreadId:17084

Extended Properties: 
----------------------------------------
----------------------------------------
ActivityId: 00000000-0000-0000-0000-000000000000

Timestamp: 5/29/2018 8:10:49 PM

Message: HandlingInstanceID: aa0be71e-3443-44c0-9988-2dabc7cbc97c
An exception of type 'System.NullReferenceException' occurred and was caught.
-----------------------------------------------------------------------------
05/29/2018 23:10:49
Type : System.NullReferenceException, mscorlib, Version=4.0.0.0, Culture=neutral, PublicKeyToken=b77a5c561934e089
Message : Object reference not set to an instance of an object.
Source : Unity_ILEmit_DynamicClasses
Help link : 
Data : System.Collections.ListDictionaryInternal
TargetSite : Void Initialize(System.String, System.Collections.Specialized.NameValueCollection, System.Type)
HResult : -2147467261
Stack Trace :    at DynamicModule.ns.Wrapped_OpenAccessMetaDataProvider_c6af9834b2f04fec8d312dfa2bf627f1.Initialize(String providerName, NameValueCollection config, Type managerType)
   at Telerik.Sitefinity.Data.ManagerBase`1.InstantiateProvider(IDataProviderSettings providerSettings, Type providerType, ExceptionPolicyName policy, Type managerType)

Additional Info:

MachineName : DESKTOP-V4T0OVG
TimeStamp : 5/29/2018 8:10:49 PM
FullName : Telerik.Sitefinity.Utilities, Version=11.0.6700.0, Culture=neutral, PublicKeyToken=b28c218413bdf563
AppDomainName : 34f13367-4-131720982384968771
ThreadIdentity : DESKTOP-V4T0OVG\rozal
WindowsIdentity : DESKTOP-V4T0OVG\rozal


Category: ErrorLog

Priority: 0

EventId: 90030

Severity: Error

Title:Enterprise Library Exception Handling

Machine: DESKTOP-V4T0OVG

App Domain: 34f13367-4-131720982384968771

ProcessId: 37368

Process Name: C:\Program Files (x86)\Microsoft Visual Studio\2017\Community\Common7\IDE\Microsoft.VisualStudio.Web.Host.exe

Thread Name: 

Win32 ThreadId:17084

Extended Properties: 
----------------------------------------
