----------------------------------------
Timestamp: 27-May-18 8:32:22 PM

Message: Upgrading Progress Sitefinity CMS from build version 6602 to 6650.


----------------------------------------
----------------------------------------
Timestamp: 27-May-18 8:32:23 PM

Message: Db Migration Complexity: Extending


----------------------------------------
----------------------------------------
Timestamp: 27-May-18 8:32:23 PM

Message: Adding a column(s) on an existing table(s).


----------------------------------------
----------------------------------------
Timestamp: 27-May-18 8:32:23 PM

Message: Adding an index(indices) to an existing table(s).


----------------------------------------
----------------------------------------
Timestamp: 27-May-18 8:32:23 PM

Message: -- add column for field status
ALTER TABLE [sf_taxa] ADD [status] int NULL


----------------------------------------
----------------------------------------
Timestamp: 27-May-18 8:32:23 PM

Message: UPDATE [sf_taxa] SET [status] = 0


----------------------------------------
----------------------------------------
Timestamp: 27-May-18 8:32:23 PM

Message: ALTER TABLE [sf_taxa] ALTER COLUMN [status] int NOT NULL


----------------------------------------
----------------------------------------
Timestamp: 27-May-18 8:32:23 PM

Message: -- Index 'idx_sf_taxon_status' was not detected in the database. It will be created
CREATE INDEX [idx_sf_taxon_status] ON [sf_taxa]([status])


----------------------------------------
----------------------------------------
Timestamp: 27-May-18 8:32:25 PM

Message: PASSED : SiteInitializer : Upgrade to 6700 (Creating root permissions inheritance for page templates)


----------------------------------------
----------------------------------------
Timestamp: 27-May-18 8:32:25 PM

Message: PASSED : SiteInitializer : Upgrade to 6700 (Creating not accessible site page.)


----------------------------------------
----------------------------------------
Timestamp: 27-May-18 8:32:26 PM

Message: Db Migration Complexity: Extending


----------------------------------------
----------------------------------------
Timestamp: 27-May-18 8:32:26 PM

Message: Adding a column(s) on an existing table(s).


----------------------------------------
----------------------------------------
Timestamp: 27-May-18 8:32:26 PM

Message: -- add column for field SitefinityProfile.preferences
ALTER TABLE [sf_sitefinity_profile] ADD [preferences] VARCHAR(MAX) NULL


----------------------------------------
----------------------------------------
Timestamp: 27-May-18 8:32:27 PM

Message: PASSED : SiteInitializer : Upgrade to 6700 (Update user profile urls.)


----------------------------------------
----------------------------------------
Timestamp: 27-May-18 8:32:27 PM

Message: PASSED : SiteInitializer : Upgrade to 6700 (Update app status report page.)


----------------------------------------
----------------------------------------
Timestamp: 27-May-18 8:32:30 PM

Message: Db Migration Complexity: Extending


----------------------------------------
----------------------------------------
Timestamp: 27-May-18 8:32:30 PM

Message: Adding a column(s) on an existing table(s).


----------------------------------------
----------------------------------------
Timestamp: 27-May-18 8:32:30 PM

Message: -- add column for field controlId
ALTER TABLE [sf_cnt_locations] ADD [control_id] uniqueidentifier NULL


----------------------------------------
----------------------------------------
Timestamp: 27-May-18 9:24:11 PM

Message: Db Migration Complexity: Extending


----------------------------------------
----------------------------------------
Timestamp: 27-May-18 9:24:11 PM

Message: Adding a column(s) on an existing table(s).


----------------------------------------
----------------------------------------
Timestamp: 27-May-18 9:24:11 PM

Message: -- add column for field <LastModified>k__BackingField
ALTER TABLE [sf_folders] ADD [last_modified] datetime NULL


----------------------------------------
----------------------------------------
Timestamp: 27-May-18 9:24:26 PM

Message: PASSED : ModuleBuilderModule : Upgrade to 6700 (Upgrades the dynamic module fields with the 'IncludeInSitemap' field.)


----------------------------------------
----------------------------------------
Timestamp: 27-May-18 9:24:43 PM

Message: Db Migration Complexity: Extending


----------------------------------------
----------------------------------------
Timestamp: 27-May-18 9:24:43 PM

Message: Adding a column(s) on an existing table(s).


----------------------------------------
----------------------------------------
Timestamp: 27-May-18 9:24:43 PM

Message: -- add column for field owner
ALTER TABLE [sf_scheduled_tasks] ADD [owner] uniqueidentifier NULL


----------------------------------------
